[debug] [2018-05-06T21:29:38.538Z] ----------------------------------------------------------------------
[debug] [2018-05-06T21:29:38.540Z] Command:       /usr/local/bin/node /usr/local/bin/firebase deploy
[debug] [2018-05-06T21:29:38.540Z] CLI Version:   3.18.4
[debug] [2018-05-06T21:29:38.540Z] Platform:      darwin
[debug] [2018-05-06T21:29:38.540Z] Node Version:  v8.9.4
[debug] [2018-05-06T21:29:38.541Z] Time:          Sun May 06 2018 22:29:38 GMT+0100 (IST)
[debug] [2018-05-06T21:29:38.541Z] ----------------------------------------------------------------------
[debug] 
[debug] [2018-05-06T21:29:38.551Z] > command requires scopes: ["email","openid","https://www.googleapis.com/auth/cloudplatformprojects.readonly","https://www.googleapis.com/auth/firebase","https://www.googleapis.com/auth/cloud-platform"]
[debug] [2018-05-06T21:29:38.552Z] > authorizing via signed-in user
[debug] [2018-05-06T21:29:38.553Z] > refreshing access token with scopes: ["email","https://www.googleapis.com/auth/cloud-platform","https://www.googleapis.com/auth/cloudplatformprojects.readonly","https://www.googleapis.com/auth/firebase","openid"]
[debug] [2018-05-06T21:29:38.553Z] >>> HTTP REQUEST POST https://www.googleapis.com/oauth2/v3/token  
 { refresh_token: '1/tZXfeRCEuSXKV2bqQppiggMjHAeaZe1R4oONyl_E9_c',
  client_id: '563584335869-fgrhgmd47bqnekij5i8b5pr03ho849e6.apps.googleusercontent.com',
  client_secret: 'j9iVZfS8kkCEFUPaAeJV0sAi',
  grant_type: 'refresh_token',
  scope: 'email https://www.googleapis.com/auth/cloud-platform https://www.googleapis.com/auth/cloudplatformprojects.readonly https://www.googleapis.com/auth/firebase openid' } 
 Sun May 06 2018 22:29:38 GMT+0100 (IST)
[debug] [2018-05-06T21:29:38.730Z] <<< HTTP RESPONSE 200
[debug] [2018-05-06T21:29:38.786Z] >>> HTTP REQUEST GET https://admin.firebase.com/v1/projects/badgerpal-87635  
  
 Sun May 06 2018 22:29:38 GMT+0100 (IST)
[debug] [2018-05-06T21:29:39.452Z] <<< HTTP RESPONSE 200
[debug] [2018-05-06T21:29:39.453Z] >>> HTTP REQUEST GET https://admin.firebase.com/v1/database/badgerpal-87635/tokens  
  
 Sun May 06 2018 22:29:39 GMT+0100 (IST)
[debug] [2018-05-06T21:29:40.019Z] <<< HTTP RESPONSE 200
[info] 
[info] === Deploying to 'badgerpal-87635'...
[info] 
[info] i  deploying firestore, hosting
[info] i  firestore: checking firestore.rules for compilation errors...
[debug] [2018-05-06T21:29:41.136Z] >>> HTTP REQUEST POST https://firebaserules.googleapis.com/v1/projects/badgerpal-87635:test  
 { source: { files: [ [Object] ] } } 
 Sun May 06 2018 22:29:41 GMT+0100 (IST)
[debug] [2018-05-06T21:29:42.035Z] <<< HTTP RESPONSE 200
[info] ✔  firestore: rules file firestore.rules compiled successfully
[info] i  firestore: uploading rules firestore.rules...
[debug] [2018-05-06T21:29:42.040Z] >>> HTTP REQUEST POST https://firebaserules.googleapis.com/v1/projects/badgerpal-87635/rulesets  
 { source: { files: [ [Object] ] } } 
 Sun May 06 2018 22:29:42 GMT+0100 (IST)
[debug] [2018-05-06T21:29:42.040Z] >>> HTTP REQUEST GET https://firestore.googleapis.com/v1beta1/projects/badgerpal-87635/databases/(default)/indexes  
  
 Sun May 06 2018 22:29:42 GMT+0100 (IST)
[debug] [2018-05-06T21:29:42.375Z] <<< HTTP RESPONSE 200
[debug] [2018-05-06T21:29:42.375Z] [rules] created ruleset projects/badgerpal-87635/rulesets/be36661b-db28-48d3-af40-9a7291832824
[debug] [2018-05-06T21:29:42.955Z] <<< HTTP RESPONSE 200
[info] i  hosting: preparing dist directory for upload...
[debug] [2018-05-06T21:29:43.109Z] >>> HTTP REQUEST PUT https://deploy.firebase.com/v1/hosting/badgerpal-87635/uploads/-LBrM2pLOCMmO5lWxWOx?fileCount=10&message=  
  
 Sun May 06 2018 22:29:43 GMT+0100 (IST)
